<?xml version="1.0" encoding="UTF-8"?>
<!-- Generated by org.testng.reporters.JUnitReportReporter -->
<testsuite skipped="0" hostname="LAPTOP-1M5L4N7V" name="TestJenkins.TestClass" tests="10" failures="0" timestamp="2022-08-08T22:24:09 IST" time="0.032" errors="0">
  <testcase name="eighthMethod" time="0.000" classname="TestJenkins.TestClass"/>
  <system-out/>
  <testcase name="ninthMethod" time="0.000" classname="TestJenkins.TestClass"/>
  <system-out/>
  <testcase name="tenthMethod" time="0.008" classname="TestJenkins.TestClass"/>
  <system-out/>
  <testcase name="fifthMethod" time="0.000" classname="TestJenkins.TestClass"/>
  <system-out/>
  <testcase name="thirdMethod" time="0.000" classname="TestJenkins.TestClass"/>
  <system-out/>
  <testcase name="fourthMethod" time="0.000" classname="TestJenkins.TestClass"/>
  <system-out/>
  <testcase name="seventhMethod" time="0.000" classname="TestJenkins.TestClass"/>
  <system-out/>
  <testcase name="SixthMethod" time="0.016" classname="TestJenkins.TestClass"/>
  <system-out/>
  <testcase name="firstMethod" time="0.000" classname="TestJenkins.TestClass"/>
  <system-out/>
  <testcase name="secondMethod" time="0.008" classname="TestJenkins.TestClass"/>
  <system-out/>
</testsuite> <!-- TestJenkins.TestClass -->
